Build started 10.11.2020 20:28:17.
     1>Project "C:\MyTasks\Clone\testproject\Task11\Task11\Task11.vcxproj" on node 2 (Build target(s)).
     1>ClCompile:
         C:\Program Files (x86)\Microsoft Visual Studio 11.0\VC\bin\CL.exe /c /ZI /nologo /W3 /WX- /sdl /Od /Oy- /D WIN32 /D _DEBUG /D _CONSOLE /D _UNICODE /D UNICODE /Gm /EHsc /RTC1 /MDd /GS /fp:precise /Zc:wchar_t /Zc:forScope /Yu"stdafx.h" /Fp"Debug\Task11.pch" /Fo"Debug\\" /Fd"Debug\vc110.pdb" /Gd /TP /analyze- /errorReport:prompt Interface.cpp Staff.cpp Task11.cpp Worker.cpp
         Worker.cpp
         Task11.cpp
     1>c:\mytasks\clone\testproject\task11\task11\interface.h(3): error C2628: 'TStaff' followed by 'int' is illegal (did you forget a ';'?)
     1>c:\mytasks\clone\testproject\task11\task11\task11.cpp(10): error C2678: binary '!=' : no operator found which takes a left-hand operand of type 'TStaff' (or there is no acceptable conversion)
                 c:\program files (x86)\microsoft visual studio 11.0\vc\include\exception(522): could be 'bool std::operator !=(const std::exception_ptr &,const std::exception_ptr &)'
                 c:\program files (x86)\microsoft visual studio 11.0\vc\include\exception(527): or       'bool std::operator !=(std::nullptr_t,const std::exception_ptr &)'
                 c:\program files (x86)\microsoft visual studio 11.0\vc\include\exception(532): or       'bool std::operator !=(const std::exception_ptr &,std::nullptr_t)'
                 c:\program files (x86)\microsoft visual studio 11.0\vc\include\system_error(443): or       'bool std::operator !=(const std::error_code &,const std::error_condition &) throw()'
                 c:\program files (x86)\microsoft visual studio 11.0\vc\include\system_error(450): or       'bool std::operator !=(const std::error_condition &,const std::error_code &) throw()'
                 while trying to match the argument list '(TStaff, int)'
         Staff.cpp
     1>c:\mytasks\clone\testproject\task11\task11\staff.cpp(4): error C2628: 'TStaff' followed by 'void' is illegal (did you forget a ';'?)
     1>c:\mytasks\clone\testproject\task11\task11\staff.cpp(4): error C2556: 'TStaff TStaff::Create(void)' : overloaded function differs only by return type from 'void TStaff::Create(void)'
                 c:\mytasks\clone\testproject\task11\task11\staff.h(15) : see declaration of 'TStaff::Create'
     1>c:\mytasks\clone\testproject\task11\task11\staff.cpp(4): error C2371: 'TStaff::Create' : redefinition; different basic types
                 c:\mytasks\clone\testproject\task11\task11\staff.h(15) : see declaration of 'TStaff::Create'
         Interface.cpp
     1>c:\mytasks\clone\testproject\task11\task11\interface.h(3): error C2628: 'TStaff' followed by 'int' is illegal (did you forget a ';'?)
     1>c:\mytasks\clone\testproject\task11\task11\interface.cpp(4): error C2556: 'int MainMenu(TStaff &)' : overloaded function differs only by return type from 'TStaff MainMenu(TStaff &)'
                 c:\mytasks\clone\testproject\task11\task11\interface.h(3) : see declaration of 'MainMenu'
     1>c:\mytasks\clone\testproject\task11\task11\interface.cpp(4): error C2371: 'MainMenu' : redefinition; different basic types
                 c:\mytasks\clone\testproject\task11\task11\interface.h(3) : see declaration of 'MainMenu'
         Generating Code...
     1>Done Building Project "C:\MyTasks\Clone\testproject\Task11\Task11\Task11.vcxproj" (Build target(s)) -- FAILED.

Build FAILED.

Time Elapsed 00:00:00.81
